[2021-12-15 21:44:19.120] [jointLog] [info] setting maxHashResizeThreads to 5
[2021-12-15 21:44:19.120] [jointLog] [info] Fragment incompatibility prior below threshold.  Incompatible fragments will be ignored.
[2021-12-15 21:44:19.120] [jointLog] [info] Usage of --validateMappings implies use of minScoreFraction. Since not explicitly specified, it is being set to 0.65
[2021-12-15 21:44:19.120] [jointLog] [info] Setting consensusSlack to selective-alignment default of 0.35.
[2021-12-15 21:44:19.120] [jointLog] [info] parsing read library format
[2021-12-15 21:44:19.120] [jointLog] [info] There is 1 library.
[2021-12-15 21:44:19.148] [jointLog] [info] Loading pufferfish index
[2021-12-15 21:44:19.149] [jointLog] [info] Loading dense pufferfish index.
[2021-12-15 21:44:25.857] [jointLog] [info] done
[2021-12-15 21:44:25.857] [jointLog] [info] Index contained 33,989 targets
[2021-12-15 21:44:26.293] [jointLog] [info] Number of decoys : 13
[2021-12-15 21:44:26.293] [jointLog] [info] First decoy index : 33,976 
[2021-12-15 21:44:28.310] [jointLog] [info] Automatically detected most likely library type as ISR

[2021-12-15 21:52:35.224] [fileLog] [info] 
At end of round 0
==================
Observed 39911894 total fragments (39911894 in most recent round)

[2021-12-15 21:52:35.076] [jointLog] [info] Thread saw mini-batch with a maximum of 0.78% zero probability fragments
[2021-12-15 21:52:35.147] [jointLog] [info] Thread saw mini-batch with a maximum of 0.88% zero probability fragments
[2021-12-15 21:52:35.175] [jointLog] [info] Thread saw mini-batch with a maximum of 0.82% zero probability fragments
[2021-12-15 21:52:35.186] [jointLog] [info] Thread saw mini-batch with a maximum of 0.82% zero probability fragments
[2021-12-15 21:52:35.204] [jointLog] [info] Thread saw mini-batch with a maximum of 0.78% zero probability fragments
[2021-12-15 21:52:35.224] [jointLog] [info] Computed 23,104 rich equivalence classes for further processing
[2021-12-15 21:52:35.224] [jointLog] [info] Counted 22,358,009 total reads in the equivalence classes 
[2021-12-15 21:52:35.225] [jointLog] [info] Number of mappings discarded because of alignment score : 51,037,846
[2021-12-15 21:52:35.225] [jointLog] [info] Number of fragments entirely discarded because of alignment score : 9,224,759
[2021-12-15 21:52:35.225] [jointLog] [info] Number of fragments discarded because they are best-mapped to decoys : 1,917,361
[2021-12-15 21:52:35.225] [jointLog] [info] Number of fragments discarded because they have only dovetail (discordant) mappings to valid targets : 12,501,569
[2021-12-15 21:52:35.225] [jointLog] [info] Mapping rate = 56.0184%

[2021-12-15 21:52:35.225] [jointLog] [info] finished quantifyLibrary()
[2021-12-15 21:52:35.235] [jointLog] [info] Starting optimizer
[2021-12-15 21:52:35.255] [jointLog] [info] Marked 0 weighted equivalence classes as degenerate
[2021-12-15 21:52:35.259] [jointLog] [info] iteration = 0 | max rel diff. = 31672.8
[2021-12-15 21:52:35.302] [jointLog] [info] iteration 11, adjusting effective lengths to account for biases
[2021-12-15 21:52:43.725] [jointLog] [info] Computed expected counts (for bias correction)
[2021-12-15 21:52:43.725] [jointLog] [info] processed bias for 0.0% of the transcripts
[2021-12-15 21:52:44.124] [jointLog] [info] processed bias for 10.0% of the transcripts
[2021-12-15 21:52:44.523] [jointLog] [info] processed bias for 20.0% of the transcripts
[2021-12-15 21:52:45.063] [jointLog] [info] processed bias for 30.0% of the transcripts
[2021-12-15 21:52:45.568] [jointLog] [info] processed bias for 40.0% of the transcripts
[2021-12-15 21:52:46.100] [jointLog] [info] processed bias for 50.0% of the transcripts
[2021-12-15 21:52:46.611] [jointLog] [info] processed bias for 60.0% of the transcripts
[2021-12-15 21:52:47.075] [jointLog] [info] processed bias for 70.0% of the transcripts
[2021-12-15 21:52:47.536] [jointLog] [info] processed bias for 80.0% of the transcripts
[2021-12-15 21:52:47.975] [jointLog] [info] processed bias for 90.0% of the transcripts
[2021-12-15 21:52:48.487] [jointLog] [info] processed bias for 100.0% of the transcripts
[2021-12-15 21:52:48.488] [jointLog] [info] processed bias for 100.0% of the transcripts
[2021-12-15 21:52:48.868] [jointLog] [info] iteration = 100 | max rel diff. = 18.7167
[2021-12-15 21:52:49.280] [jointLog] [info] iteration = 200 | max rel diff. = 0.0435689
[2021-12-15 21:52:49.376] [jointLog] [info] iteration = 225 | max rel diff. = 0.00261753
[2021-12-15 21:52:49.383] [jointLog] [info] Finished optimizer
[2021-12-15 21:52:49.383] [jointLog] [info] writing output 

