[2021-12-15 21:44:25.271] [jointLog] [info] setting maxHashResizeThreads to 5
[2021-12-15 21:44:25.271] [jointLog] [info] Fragment incompatibility prior below threshold.  Incompatible fragments will be ignored.
[2021-12-15 21:44:25.271] [jointLog] [info] Usage of --validateMappings implies use of minScoreFraction. Since not explicitly specified, it is being set to 0.65
[2021-12-15 21:44:25.271] [jointLog] [info] Setting consensusSlack to selective-alignment default of 0.35.
[2021-12-15 21:44:25.271] [jointLog] [info] parsing read library format
[2021-12-15 21:44:25.271] [jointLog] [info] There is 1 library.
[2021-12-15 21:44:25.299] [jointLog] [info] Loading pufferfish index
[2021-12-15 21:44:25.300] [jointLog] [info] Loading dense pufferfish index.
[2021-12-15 21:44:32.005] [jointLog] [info] done
[2021-12-15 21:44:32.005] [jointLog] [info] Index contained 33,989 targets
[2021-12-15 21:44:32.434] [jointLog] [info] Number of decoys : 13
[2021-12-15 21:44:32.434] [jointLog] [info] First decoy index : 33,976 
[2021-12-15 21:44:33.534] [jointLog] [info] Automatically detected most likely library type as ISR

[2021-12-15 21:51:19.370] [jointLog] [info] Thread saw mini-batch with a maximum of 1.92% zero probability fragments
[2021-12-15 21:51:19.390] [jointLog] [info] Thread saw mini-batch with a maximum of 1.80% zero probability fragments
[2021-12-15 21:51:19.437] [jointLog] [info] Thread saw mini-batch with a maximum of 1.96% zero probability fragments
[2021-12-15 21:51:19.518] [jointLog] [info] Thread saw mini-batch with a maximum of 1.86% zero probability fragments
[2021-12-15 21:51:19.554] [jointLog] [info] Thread saw mini-batch with a maximum of 1.80% zero probability fragments
[2021-12-15 21:51:19.574] [jointLog] [info] Computed 24,499 rich equivalence classes for further processing
[2021-12-15 21:51:19.574] [jointLog] [info] Counted 30,372,013 total reads in the equivalence classes 
[2021-12-15 21:51:19.576] [jointLog] [info] Number of mappings discarded because of alignment score : 14,040,865
[2021-12-15 21:51:19.576] [jointLog] [info] Number of fragments entirely discarded because of alignment score : 6,840,923
[2021-12-15 21:51:19.576] [jointLog] [info] Number of fragments discarded because they are best-mapped to decoys : 3,789,900
[2021-12-15 21:51:19.576] [jointLog] [info] Number of fragments discarded because they have only dovetail (discordant) mappings to valid targets : 6,776,718
[2021-12-15 21:51:19.576] [jointLog] [info] Mapping rate = 71.4337%

[2021-12-15 21:51:19.576] [jointLog] [info] finished quantifyLibrary()
[2021-12-15 21:51:19.586] [jointLog] [info] Starting optimizer
[2021-12-15 21:51:19.606] [jointLog] [info] Marked 0 weighted equivalence classes as degenerate
[2021-12-15 21:51:19.611] [jointLog] [info] iteration = 0 | max rel diff. = 17031.1
[2021-12-15 21:51:19.655] [jointLog] [info] iteration 11, adjusting effective lengths to account for biases
[2021-12-15 21:51:19.575] [fileLog] [info] 
At end of round 0
==================
Observed 42517794 total fragments (42517794 in most recent round)

[2021-12-15 21:51:31.481] [jointLog] [info] Computed expected counts (for bias correction)
[2021-12-15 21:51:31.481] [jointLog] [info] processed bias for 0.1% of the transcripts
[2021-12-15 21:51:32.067] [jointLog] [info] processed bias for 10.0% of the transcripts
[2021-12-15 21:51:32.630] [jointLog] [info] processed bias for 20.0% of the transcripts
[2021-12-15 21:51:33.440] [jointLog] [info] processed bias for 30.0% of the transcripts
[2021-12-15 21:51:34.289] [jointLog] [info] processed bias for 40.0% of the transcripts
[2021-12-15 21:51:34.902] [jointLog] [info] processed bias for 50.0% of the transcripts
[2021-12-15 21:51:35.511] [jointLog] [info] processed bias for 60.0% of the transcripts
[2021-12-15 21:51:36.170] [jointLog] [info] processed bias for 70.0% of the transcripts
[2021-12-15 21:51:36.892] [jointLog] [info] processed bias for 80.0% of the transcripts
[2021-12-15 21:51:37.399] [jointLog] [info] processed bias for 90.0% of the transcripts
[2021-12-15 21:51:38.051] [jointLog] [info] processed bias for 100.0% of the transcripts
[2021-12-15 21:51:38.052] [jointLog] [info] processed bias for 100.0% of the transcripts
[2021-12-15 21:51:38.453] [jointLog] [info] iteration = 100 | max rel diff. = 0.00678243
[2021-12-15 21:51:38.453] [jointLog] [info] iteration = 101 | max rel diff. = 0.00678243
[2021-12-15 21:51:38.460] [jointLog] [info] Finished optimizer
[2021-12-15 21:51:38.460] [jointLog] [info] writing output 

