[2021-12-15 21:44:18.119] [jointLog] [info] setting maxHashResizeThreads to 5
[2021-12-15 21:44:18.119] [jointLog] [info] Fragment incompatibility prior below threshold.  Incompatible fragments will be ignored.
[2021-12-15 21:44:18.119] [jointLog] [info] Usage of --validateMappings implies use of minScoreFraction. Since not explicitly specified, it is being set to 0.65
[2021-12-15 21:44:18.119] [jointLog] [info] Setting consensusSlack to selective-alignment default of 0.35.
[2021-12-15 21:44:18.119] [jointLog] [info] parsing read library format
[2021-12-15 21:44:18.119] [jointLog] [info] There is 1 library.
[2021-12-15 21:44:18.149] [jointLog] [info] Loading pufferfish index
[2021-12-15 21:44:18.151] [jointLog] [info] Loading dense pufferfish index.
[2021-12-15 21:44:24.746] [jointLog] [info] done
[2021-12-15 21:44:24.746] [jointLog] [info] Index contained 33,989 targets
[2021-12-15 21:44:25.178] [jointLog] [info] Number of decoys : 13
[2021-12-15 21:44:25.178] [jointLog] [info] First decoy index : 33,976 
[2021-12-15 21:44:26.881] [jointLog] [info] Automatically detected most likely library type as ISR

[2021-12-15 21:56:31.597] [jointLog] [info] Thread saw mini-batch with a maximum of 1.32% zero probability fragments
[2021-12-15 21:56:31.602] [jointLog] [info] Thread saw mini-batch with a maximum of 1.20% zero probability fragments
[2021-12-15 21:56:31.676] [jointLog] [info] Thread saw mini-batch with a maximum of 1.24% zero probability fragments
[2021-12-15 21:56:31.753] [jointLog] [info] Thread saw mini-batch with a maximum of 1.26% zero probability fragments
[2021-12-15 21:56:31.848] [jointLog] [info] Thread saw mini-batch with a maximum of 1.20% zero probability fragments
[2021-12-15 21:56:31.870] [jointLog] [info] Computed 25,143 rich equivalence classes for further processing
[2021-12-15 21:56:31.870] [jointLog] [info] Counted 35,152,217 total reads in the equivalence classes 
[2021-12-15 21:56:31.872] [jointLog] [info] Number of mappings discarded because of alignment score : 55,910,752
[2021-12-15 21:56:31.872] [jointLog] [info] Number of fragments entirely discarded because of alignment score : 11,960,478
[2021-12-15 21:56:31.872] [jointLog] [info] Number of fragments discarded because they are best-mapped to decoys : 3,607,794
[2021-12-15 21:56:31.872] [jointLog] [info] Number of fragments discarded because they have only dovetail (discordant) mappings to valid targets : 15,819,969
[2021-12-15 21:56:31.872] [jointLog] [info] Mapping rate = 59.7592%

[2021-12-15 21:56:31.872] [jointLog] [info] finished quantifyLibrary()
[2021-12-15 21:56:31.881] [jointLog] [info] Starting optimizer
[2021-12-15 21:56:31.901] [jointLog] [info] Marked 0 weighted equivalence classes as degenerate
[2021-12-15 21:56:31.906] [jointLog] [info] iteration = 0 | max rel diff. = 30250.2
[2021-12-15 21:56:31.871] [fileLog] [info] 
At end of round 0
==================
Observed 58823117 total fragments (58823117 in most recent round)

[2021-12-15 21:56:31.950] [jointLog] [info] iteration 11, adjusting effective lengths to account for biases
[2021-12-15 21:56:41.113] [jointLog] [info] Computed expected counts (for bias correction)
[2021-12-15 21:56:41.113] [jointLog] [info] processed bias for 0.0% of the transcripts
[2021-12-15 21:56:41.568] [jointLog] [info] processed bias for 10.0% of the transcripts
[2021-12-15 21:56:42.063] [jointLog] [info] processed bias for 20.0% of the transcripts
[2021-12-15 21:56:42.629] [jointLog] [info] processed bias for 30.0% of the transcripts
[2021-12-15 21:56:43.179] [jointLog] [info] processed bias for 40.0% of the transcripts
[2021-12-15 21:56:43.658] [jointLog] [info] processed bias for 50.0% of the transcripts
[2021-12-15 21:56:44.201] [jointLog] [info] processed bias for 60.0% of the transcripts
[2021-12-15 21:56:44.679] [jointLog] [info] processed bias for 70.0% of the transcripts
[2021-12-15 21:56:45.146] [jointLog] [info] processed bias for 80.0% of the transcripts
[2021-12-15 21:56:45.668] [jointLog] [info] processed bias for 90.0% of the transcripts
[2021-12-15 21:56:46.223] [jointLog] [info] processed bias for 100.0% of the transcripts
[2021-12-15 21:56:46.226] [jointLog] [info] processed bias for 100.0% of the transcripts
[2021-12-15 21:56:46.620] [jointLog] [info] iteration = 100 | max rel diff. = 0.0385116
[2021-12-15 21:56:46.807] [jointLog] [info] iteration = 144 | max rel diff. = 0.00723832
[2021-12-15 21:56:46.814] [jointLog] [info] Finished optimizer
[2021-12-15 21:56:46.814] [jointLog] [info] writing output 

