[2021-12-15 21:44:18.122] [jointLog] [info] setting maxHashResizeThreads to 5
[2021-12-15 21:44:18.122] [jointLog] [info] Fragment incompatibility prior below threshold.  Incompatible fragments will be ignored.
[2021-12-15 21:44:18.122] [jointLog] [info] Usage of --validateMappings implies use of minScoreFraction. Since not explicitly specified, it is being set to 0.65
[2021-12-15 21:44:18.122] [jointLog] [info] Setting consensusSlack to selective-alignment default of 0.35.
[2021-12-15 21:44:18.122] [jointLog] [info] parsing read library format
[2021-12-15 21:44:18.122] [jointLog] [info] There is 1 library.
[2021-12-15 21:44:18.150] [jointLog] [info] Loading pufferfish index
[2021-12-15 21:44:18.151] [jointLog] [info] Loading dense pufferfish index.
[2021-12-15 21:44:24.746] [jointLog] [info] done
[2021-12-15 21:44:24.746] [jointLog] [info] Index contained 33,989 targets
[2021-12-15 21:44:25.178] [jointLog] [info] Number of decoys : 13
[2021-12-15 21:44:25.178] [jointLog] [info] First decoy index : 33,976 
[2021-12-15 21:44:26.169] [jointLog] [info] Automatically detected most likely library type as ISR

[2021-12-15 21:50:13.438] [jointLog] [info] Thread saw mini-batch with a maximum of 1.88% zero probability fragments
[2021-12-15 21:50:13.441] [jointLog] [info] Thread saw mini-batch with a maximum of 1.80% zero probability fragments
[2021-12-15 21:50:13.534] [jointLog] [info] Thread saw mini-batch with a maximum of 1.98% zero probability fragments
[2021-12-15 21:50:13.555] [jointLog] [info] Thread saw mini-batch with a maximum of 1.88% zero probability fragments
[2021-12-15 21:50:13.560] [jointLog] [info] Thread saw mini-batch with a maximum of 1.86% zero probability fragments
[2021-12-15 21:50:13.581] [jointLog] [info] Computed 24,273 rich equivalence classes for further processing
[2021-12-15 21:50:13.581] [jointLog] [info] Counted 28,318,854 total reads in the equivalence classes 
[2021-12-15 21:50:13.583] [jointLog] [info] Number of mappings discarded because of alignment score : 15,707,213
[2021-12-15 21:50:13.583] [jointLog] [info] Number of fragments entirely discarded because of alignment score : 6,754,954
[2021-12-15 21:50:13.583] [jointLog] [info] Number of fragments discarded because they are best-mapped to decoys : 3,272,174
[2021-12-15 21:50:13.583] [jointLog] [info] Number of fragments discarded because they have only dovetail (discordant) mappings to valid targets : 7,469,007
[2021-12-15 21:50:13.583] [jointLog] [info] Mapping rate = 71.2648%

[2021-12-15 21:50:13.583] [jointLog] [info] finished quantifyLibrary()
[2021-12-15 21:50:13.590] [jointLog] [info] Starting optimizer
[2021-12-15 21:50:13.613] [jointLog] [info] Marked 0 weighted equivalence classes as degenerate
[2021-12-15 21:50:13.617] [jointLog] [info] iteration = 0 | max rel diff. = 30494
[2021-12-15 21:50:13.662] [jointLog] [info] iteration 11, adjusting effective lengths to account for biases
[2021-12-15 21:50:13.582] [fileLog] [info] 
At end of round 0
==================
Observed 39737489 total fragments (39737489 in most recent round)

[2021-12-15 21:50:25.763] [jointLog] [info] Computed expected counts (for bias correction)
[2021-12-15 21:50:25.763] [jointLog] [info] processed bias for 0.1% of the transcripts
[2021-12-15 21:50:26.336] [jointLog] [info] processed bias for 10.0% of the transcripts
[2021-12-15 21:50:26.902] [jointLog] [info] processed bias for 20.0% of the transcripts
[2021-12-15 21:50:27.758] [jointLog] [info] processed bias for 30.0% of the transcripts
[2021-12-15 21:50:28.615] [jointLog] [info] processed bias for 40.0% of the transcripts
[2021-12-15 21:50:29.268] [jointLog] [info] processed bias for 50.0% of the transcripts
[2021-12-15 21:50:29.980] [jointLog] [info] processed bias for 60.0% of the transcripts
[2021-12-15 21:50:30.752] [jointLog] [info] processed bias for 70.0% of the transcripts
[2021-12-15 21:50:31.345] [jointLog] [info] processed bias for 80.0% of the transcripts
[2021-12-15 21:50:31.808] [jointLog] [info] processed bias for 90.0% of the transcripts
[2021-12-15 21:50:32.477] [jointLog] [info] processed bias for 100.0% of the transcripts
[2021-12-15 21:50:32.871] [jointLog] [info] iteration = 100 | max rel diff. = 0.0311387
[2021-12-15 21:50:33.083] [jointLog] [info] iteration = 150 | max rel diff. = 0.00664952
[2021-12-15 21:50:33.091] [jointLog] [info] Finished optimizer
[2021-12-15 21:50:33.091] [jointLog] [info] writing output 

