[2021-12-15 21:44:18.284] [jointLog] [info] setting maxHashResizeThreads to 5
[2021-12-15 21:44:18.284] [jointLog] [info] Fragment incompatibility prior below threshold.  Incompatible fragments will be ignored.
[2021-12-15 21:44:18.284] [jointLog] [info] Usage of --validateMappings implies use of minScoreFraction. Since not explicitly specified, it is being set to 0.65
[2021-12-15 21:44:18.284] [jointLog] [info] Setting consensusSlack to selective-alignment default of 0.35.
[2021-12-15 21:44:18.284] [jointLog] [info] parsing read library format
[2021-12-15 21:44:18.284] [jointLog] [info] There is 1 library.
[2021-12-15 21:44:18.306] [jointLog] [info] Loading pufferfish index
[2021-12-15 21:44:18.307] [jointLog] [info] Loading dense pufferfish index.
[2021-12-15 21:44:25.230] [jointLog] [info] done
[2021-12-15 21:44:25.230] [jointLog] [info] Index contained 33,989 targets
[2021-12-15 21:44:25.663] [jointLog] [info] Number of decoys : 13
[2021-12-15 21:44:25.663] [jointLog] [info] First decoy index : 33,976 
[2021-12-15 21:44:27.540] [jointLog] [info] Automatically detected most likely library type as ISR

[2021-12-15 21:57:22.499] [fileLog] [info] 
At end of round 0
==================
Observed 60201260 total fragments (60201260 in most recent round)

[2021-12-15 21:57:22.315] [jointLog] [info] Thread saw mini-batch with a maximum of 0.80% zero probability fragments
[2021-12-15 21:57:22.324] [jointLog] [info] Thread saw mini-batch with a maximum of 0.82% zero probability fragments
[2021-12-15 21:57:22.353] [jointLog] [info] Thread saw mini-batch with a maximum of 0.80% zero probability fragments
[2021-12-15 21:57:22.403] [jointLog] [info] Thread saw mini-batch with a maximum of 0.78% zero probability fragments
[2021-12-15 21:57:22.476] [jointLog] [info] Thread saw mini-batch with a maximum of 0.78% zero probability fragments
[2021-12-15 21:57:22.498] [jointLog] [info] Computed 24,195 rich equivalence classes for further processing
[2021-12-15 21:57:22.498] [jointLog] [info] Counted 34,848,776 total reads in the equivalence classes 
[2021-12-15 21:57:22.500] [jointLog] [info] Number of mappings discarded because of alignment score : 43,124,584
[2021-12-15 21:57:22.500] [jointLog] [info] Number of fragments entirely discarded because of alignment score : 13,338,520
[2021-12-15 21:57:22.500] [jointLog] [info] Number of fragments discarded because they are best-mapped to decoys : 3,135,342
[2021-12-15 21:57:22.500] [jointLog] [info] Number of fragments discarded because they have only dovetail (discordant) mappings to valid targets : 17,170,193
[2021-12-15 21:57:22.500] [jointLog] [info] Mapping rate = 57.8871%

[2021-12-15 21:57:22.500] [jointLog] [info] finished quantifyLibrary()
[2021-12-15 21:57:22.509] [jointLog] [info] Starting optimizer
[2021-12-15 21:57:22.538] [jointLog] [info] Marked 0 weighted equivalence classes as degenerate
[2021-12-15 21:57:22.543] [jointLog] [info] iteration = 0 | max rel diff. = 25786.5
[2021-12-15 21:57:22.589] [jointLog] [info] iteration 11, adjusting effective lengths to account for biases
[2021-12-15 21:57:31.676] [jointLog] [info] Computed expected counts (for bias correction)
[2021-12-15 21:57:31.676] [jointLog] [info] processed bias for 0.0% of the transcripts
[2021-12-15 21:57:32.135] [jointLog] [info] processed bias for 10.0% of the transcripts
[2021-12-15 21:57:32.602] [jointLog] [info] processed bias for 20.0% of the transcripts
[2021-12-15 21:57:33.123] [jointLog] [info] processed bias for 30.0% of the transcripts
[2021-12-15 21:57:33.657] [jointLog] [info] processed bias for 40.0% of the transcripts
[2021-12-15 21:57:34.236] [jointLog] [info] processed bias for 50.0% of the transcripts
[2021-12-15 21:57:34.753] [jointLog] [info] processed bias for 60.0% of the transcripts
[2021-12-15 21:57:35.178] [jointLog] [info] processed bias for 70.0% of the transcripts
[2021-12-15 21:57:35.689] [jointLog] [info] processed bias for 80.0% of the transcripts
[2021-12-15 21:57:36.219] [jointLog] [info] processed bias for 90.0% of the transcripts
[2021-12-15 21:57:36.761] [jointLog] [info] processed bias for 100.0% of the transcripts
[2021-12-15 21:57:36.762] [jointLog] [info] processed bias for 100.0% of the transcripts
[2021-12-15 21:57:37.155] [jointLog] [info] iteration = 100 | max rel diff. = 0.0365572
[2021-12-15 21:57:37.259] [jointLog] [info] iteration = 125 | max rel diff. = 0.0026369
[2021-12-15 21:57:37.267] [jointLog] [info] Finished optimizer
[2021-12-15 21:57:37.267] [jointLog] [info] writing output 

