[2021-12-15 21:44:19.086] [jointLog] [info] setting maxHashResizeThreads to 5
[2021-12-15 21:44:19.087] [jointLog] [info] Fragment incompatibility prior below threshold.  Incompatible fragments will be ignored.
[2021-12-15 21:44:19.087] [jointLog] [info] Usage of --validateMappings implies use of minScoreFraction. Since not explicitly specified, it is being set to 0.65
[2021-12-15 21:44:19.087] [jointLog] [info] Setting consensusSlack to selective-alignment default of 0.35.
[2021-12-15 21:44:19.087] [jointLog] [info] parsing read library format
[2021-12-15 21:44:19.087] [jointLog] [info] There is 1 library.
[2021-12-15 21:44:19.115] [jointLog] [info] Loading pufferfish index
[2021-12-15 21:44:19.117] [jointLog] [info] Loading dense pufferfish index.
[2021-12-15 21:44:25.900] [jointLog] [info] done
[2021-12-15 21:44:25.900] [jointLog] [info] Index contained 33,989 targets
[2021-12-15 21:44:26.334] [jointLog] [info] Number of decoys : 13
[2021-12-15 21:44:26.334] [jointLog] [info] First decoy index : 33,976 
[2021-12-15 21:44:27.600] [jointLog] [info] Automatically detected most likely library type as ISR

[2021-12-15 21:51:57.989] [jointLog] [info] Thread saw mini-batch with a maximum of 1.40% zero probability fragments
[2021-12-15 21:51:58.015] [jointLog] [info] Thread saw mini-batch with a maximum of 1.34% zero probability fragments
[2021-12-15 21:51:58.059] [jointLog] [info] Thread saw mini-batch with a maximum of 1.38% zero probability fragments
[2021-12-15 21:51:58.075] [jointLog] [info] Thread saw mini-batch with a maximum of 1.36% zero probability fragments
[2021-12-15 21:51:58.100] [jointLog] [info] Thread saw mini-batch with a maximum of 1.44% zero probability fragments
[2021-12-15 21:51:58.121] [jointLog] [info] Computed 23,906 rich equivalence classes for further processing
[2021-12-15 21:51:58.121] [jointLog] [info] Counted 32,520,197 total reads in the equivalence classes 
[2021-12-15 21:51:58.123] [jointLog] [info] Number of mappings discarded because of alignment score : 29,016,345
[2021-12-15 21:51:58.123] [jointLog] [info] Number of fragments entirely discarded because of alignment score : 9,878,490
[2021-12-15 21:51:58.123] [jointLog] [info] Number of fragments discarded because they are best-mapped to decoys : 3,342,496
[2021-12-15 21:51:58.123] [jointLog] [info] Number of fragments discarded because they have only dovetail (discordant) mappings to valid targets : 14,443,407
[2021-12-15 21:51:58.123] [jointLog] [info] Mapping rate = 67.8616%

[2021-12-15 21:51:58.123] [jointLog] [info] finished quantifyLibrary()
[2021-12-15 21:51:58.130] [jointLog] [info] Starting optimizer
[2021-12-15 21:51:58.150] [jointLog] [info] Marked 0 weighted equivalence classes as degenerate
[2021-12-15 21:51:58.155] [jointLog] [info] iteration = 0 | max rel diff. = 29328.6
[2021-12-15 21:51:58.198] [jointLog] [info] iteration 11, adjusting effective lengths to account for biases
[2021-12-15 21:51:58.122] [fileLog] [info] 
At end of round 0
==================
Observed 47921328 total fragments (47921328 in most recent round)

[2021-12-15 21:52:07.634] [jointLog] [info] Computed expected counts (for bias correction)
[2021-12-15 21:52:07.634] [jointLog] [info] processed bias for 0.1% of the transcripts
[2021-12-15 21:52:08.108] [jointLog] [info] processed bias for 10.0% of the transcripts
[2021-12-15 21:52:08.592] [jointLog] [info] processed bias for 20.0% of the transcripts
[2021-12-15 21:52:09.137] [jointLog] [info] processed bias for 30.0% of the transcripts
[2021-12-15 21:52:09.690] [jointLog] [info] processed bias for 40.0% of the transcripts
[2021-12-15 21:52:10.297] [jointLog] [info] processed bias for 50.0% of the transcripts
[2021-12-15 21:52:10.837] [jointLog] [info] processed bias for 60.0% of the transcripts
[2021-12-15 21:52:11.261] [jointLog] [info] processed bias for 70.0% of the transcripts
[2021-12-15 21:52:11.679] [jointLog] [info] processed bias for 80.0% of the transcripts
[2021-12-15 21:52:12.279] [jointLog] [info] processed bias for 90.0% of the transcripts
[2021-12-15 21:52:12.919] [jointLog] [info] processed bias for 100.0% of the transcripts
[2021-12-15 21:52:13.296] [jointLog] [info] iteration = 100 | max rel diff. = 0.00432656
[2021-12-15 21:52:13.303] [jointLog] [info] Finished optimizer
[2021-12-15 21:52:13.303] [jointLog] [info] writing output 

